<?xml version="1.0" encoding="UTF-8"?>
<!-- Generated by org.testng.reporters.JUnitXMLReporter -->
<testsuite hostname="LAPTOP-DQ25KTNT" ignored="2" name="Login_Test" tests="2" failures="0" timestamp="14 Jun 2020 00:25:57 GMT" time="0.004" errors="0">
  <testcase name="TC_Login_01" time="0.002" classname="com.maven.jenkins.TestNG.LoginGroup"/>
  <testcase name="TC_Login_03" time="0.001" classname="com.maven.jenkins.TestNG.LoginGroup"/>
  <testcase name="TC_Login_04" time="0.0" classname="com.maven.jenkins.TestNG.LoginGroup">
    <ignored/>
  </testcase> <!-- TC_Login_04 -->
  <testcase name="TC_Login_02" time="0.0" classname="com.maven.jenkins.TestNG.LoginGroup">
    <ignored/>
  </testcase> <!-- TC_Login_02 -->
</testsuite> <!-- Login_Test -->
